[debug] ----------------------------------------------------------------------
[debug] Command:      /usr/local/bin/node /usr/local/bin/firebase serve
[debug] CLI Version:  3.4.0
[debug] Platform:     darwin
[debug] Node Version: v7.2.1
[debug] Time:         Tue Mar 28 2017 11:36:38 GMT+0400 (+04)
[debug] ----------------------------------------------------------------------
[debug] 
[info] Starting Firebase development server...
[info] 
[info] Project Directory: /Users/levonter-minasyan/work/VS/polymer-admin-tool
[debug] TypeError: Cannot read property 'public' of undefined
    at Server.<anonymous> (/usr/local/lib/node_modules/firebase-tools/commands/serve.js:26:15)
    at Server.g (events.js:292:16)
    at emitNone (events.js:86:13)
    at Server.emit (events.js:185:7)
    at emitListeningNT (net.js:1288:10)
    at _combinedTickCallback (internal/process/next_tick.js:71:11)
    at process._tickCallback (internal/process/next_tick.js:98:9)
[error] 
[error] Error: An unexpected error has occurred.
[debug] ----------------------------------------------------------------------
[debug] Command:      /usr/local/bin/node /usr/local/bin/firebase serve
[debug] CLI Version:  3.4.0
[debug] Platform:     darwin
[debug] Node Version: v7.2.1
[debug] Time:         Tue Mar 28 2017 11:36:54 GMT+0400 (+04)
[debug] ----------------------------------------------------------------------
[debug] 
[warn] ⚠  Deprecation Warning: Firebase Hosting configuration should be moved under "hosting" key.
[info] Starting Firebase development server...
[info] 
[info] Project Directory: /Users/levonter-minasyan/work/VS/polymer-admin-tool
[info] Public Directory: ./
[info] 
[info] Server listening at: http://localhost:5000
